{"/mnt/c/users/shmaj/CodeFellows/401/401n16/Lab09-APIServer/docs/swagger.js": {"path":"/mnt/c/users/shmaj/CodeFellows/401/401n16/Lab09-APIServer/docs/swagger.js","statementMap":{"0":{"start":{"line":1,"column":23},"end":{"line":32,"column":1}},"1":{"start":{"line":2,"column":27},"end":{"line":2,"column":68}},"2":{"start":{"line":4,"column":18},"end":{"line":29,"column":5}},"3":{"start":{"line":30,"column":4},"end":{"line":30,"column":27}},"4":{"start":{"line":31,"column":4},"end":{"line":31,"column":21}},"5":{"start":{"line":34,"column":0},"end":{"line":34,"column":33}}},"fnMap":{"0":{"name":"(anonymous_0)","decl":{"start":{"line":1,"column":23},"end":{"line":1,"column":24}},"loc":{"start":{"line":1,"column":32},"end":{"line":32,"column":1}},"line":1}},"branchMap":{},"s":{"0":1,"1":1,"2":1,"3":1,"4":1,"5":1},"f":{"0":1},"b":{},"_coverageSchema":"1a1c01bbd47fc00a2c39e90264f33305004495a9","hash":"9b0c3e6a8a2efe314cdf3f5dc9e657b8184e6bb5"}
,"/mnt/c/users/shmaj/CodeFellows/401/401n16/Lab09-APIServer/lib/server.js": {"path":"/mnt/c/users/shmaj/CodeFellows/401/401n16/Lab09-APIServer/lib/server.js","statementMap":{"0":{"start":{"line":2,"column":16},"end":{"line":2,"column":34}},"1":{"start":{"line":3,"column":24},"end":{"line":3,"column":53}},"2":{"start":{"line":4,"column":13},"end":{"line":4,"column":28}},"3":{"start":{"line":5,"column":15},"end":{"line":5,"column":32}},"4":{"start":{"line":6,"column":24},"end":{"line":6,"column":59}},"5":{"start":{"line":7,"column":21},"end":{"line":7,"column":56}},"6":{"start":{"line":8,"column":15},"end":{"line":8,"column":53}},"7":{"start":{"line":9,"column":20},"end":{"line":9,"column":55}},"8":{"start":{"line":12,"column":12},"end":{"line":12,"column":21}},"9":{"start":{"line":15,"column":0},"end":{"line":15,"column":21}},"10":{"start":{"line":17,"column":0},"end":{"line":17,"column":16}},"11":{"start":{"line":18,"column":0},"end":{"line":18,"column":23}},"12":{"start":{"line":19,"column":0},"end":{"line":19,"column":24}},"13":{"start":{"line":20,"column":0},"end":{"line":20,"column":16}},"14":{"start":{"line":30,"column":0},"end":{"line":32,"column":3}},"15":{"start":{"line":31,"column":4},"end":{"line":31,"column":52}},"16":{"start":{"line":34,"column":1},"end":{"line":34,"column":34}},"17":{"start":{"line":37,"column":0},"end":{"line":37,"column":30}},"18":{"start":{"line":38,"column":0},"end":{"line":38,"column":22}},"19":{"start":{"line":40,"column":0},"end":{"line":46,"column":2}},"20":{"start":{"line":44,"column":8},"end":{"line":44,"column":68}},"21":{"start":{"line":44,"column":31},"end":{"line":44,"column":66}}},"fnMap":{"0":{"name":"(anonymous_0)","decl":{"start":{"line":30,"column":13},"end":{"line":30,"column":14}},"loc":{"start":{"line":30,"column":30},"end":{"line":32,"column":1}},"line":30},"1":{"name":"(anonymous_1)","decl":{"start":{"line":43,"column":11},"end":{"line":43,"column":12}},"loc":{"start":{"line":43,"column":21},"end":{"line":45,"column":5}},"line":43},"2":{"name":"(anonymous_2)","decl":{"start":{"line":44,"column":25},"end":{"line":44,"column":26}},"loc":{"start":{"line":44,"column":31},"end":{"line":44,"column":66}},"line":44}},"branchMap":{},"s":{"0":1,"1":1,"2":1,"3":1,"4":1,"5":1,"6":1,"7":1,"8":1,"9":1,"10":1,"11":1,"12":1,"13":1,"14":1,"15":0,"16":1,"17":1,"18":1,"19":1,"20":0,"21":0},"f":{"0":0,"1":0,"2":0},"b":{},"_coverageSchema":"1a1c01bbd47fc00a2c39e90264f33305004495a9","hash":"d53c0d4a2bfa444f26091832dc54063311184962"}
,"/mnt/c/users/shmaj/CodeFellows/401/401n16/Lab09-APIServer/lib/middleware/404.js": {"path":"/mnt/c/users/shmaj/CodeFellows/401/401n16/Lab09-APIServer/lib/middleware/404.js","statementMap":{"0":{"start":{"line":3,"column":0},"end":{"line":5,"column":1}},"1":{"start":{"line":4,"column":2},"end":{"line":4,"column":45}}},"fnMap":{"0":{"name":"(anonymous_0)","decl":{"start":{"line":3,"column":17},"end":{"line":3,"column":18}},"loc":{"start":{"line":3,"column":37},"end":{"line":5,"column":1}},"line":3}},"branchMap":{},"s":{"0":1,"1":0},"f":{"0":0},"b":{},"_coverageSchema":"1a1c01bbd47fc00a2c39e90264f33305004495a9","hash":"468b6b00c34c134d644c5033af831db95ab4735c"}
,"/mnt/c/users/shmaj/CodeFellows/401/401n16/Lab09-APIServer/lib/middleware/500.js": {"path":"/mnt/c/users/shmaj/CodeFellows/401/401n16/Lab09-APIServer/lib/middleware/500.js","statementMap":{"0":{"start":{"line":5,"column":0},"end":{"line":11,"column":1}},"1":{"start":{"line":6,"column":13},"end":{"line":9,"column":3}},"2":{"start":{"line":10,"column":2},"end":{"line":10,"column":30}}},"fnMap":{"0":{"name":"(anonymous_0)","decl":{"start":{"line":5,"column":15},"end":{"line":5,"column":16}},"loc":{"start":{"line":5,"column":39},"end":{"line":11,"column":1}},"line":5}},"branchMap":{},"s":{"0":1,"1":0,"2":0},"f":{"0":0},"b":{},"_coverageSchema":"1a1c01bbd47fc00a2c39e90264f33305004495a9","hash":"75bf915aa2c61ed1a165c860203b7bca88fe3ff3"}
,"/mnt/c/users/shmaj/CodeFellows/401/401n16/Lab09-APIServer/lib/middleware/logger.js": {"path":"/mnt/c/users/shmaj/CodeFellows/401/401n16/Lab09-APIServer/lib/middleware/logger.js","statementMap":{"0":{"start":{"line":3,"column":0},"end":{"line":7,"column":2}},"1":{"start":{"line":4,"column":2},"end":{"line":4,"column":58}},"2":{"start":{"line":5,"column":2},"end":{"line":5,"column":113}},"3":{"start":{"line":6,"column":2},"end":{"line":6,"column":9}}},"fnMap":{"0":{"name":"(anonymous_0)","decl":{"start":{"line":3,"column":17},"end":{"line":3,"column":18}},"loc":{"start":{"line":3,"column":35},"end":{"line":7,"column":1}},"line":3}},"branchMap":{},"s":{"0":1,"1":0,"2":0,"3":0},"f":{"0":0},"b":{},"_coverageSchema":"1a1c01bbd47fc00a2c39e90264f33305004495a9","hash":"c3244ee05e9952c6239c7b29907875fc6953f818"}
,"/mnt/c/users/shmaj/CodeFellows/401/401n16/Lab09-APIServer/lib/middleware/model-finder.js": {"path":"/mnt/c/users/shmaj/CodeFellows/401/401n16/Lab09-APIServer/lib/middleware/model-finder.js","statementMap":{"0":{"start":{"line":3,"column":24},"end":{"line":3,"column":56}},"1":{"start":{"line":4,"column":23},"end":{"line":4,"column":53}},"2":{"start":{"line":5,"column":15},"end":{"line":5,"column":35}},"3":{"start":{"line":8,"column":20},"end":{"line":28,"column":1}},"4":{"start":{"line":9,"column":4},"end":{"line":9,"column":49}},"5":{"start":{"line":11,"column":4},"end":{"line":27,"column":5}},"6":{"start":{"line":13,"column":12},"end":{"line":13,"column":48}},"7":{"start":{"line":14,"column":12},"end":{"line":14,"column":52}},"8":{"start":{"line":15,"column":12},"end":{"line":15,"column":19}},"9":{"start":{"line":16,"column":12},"end":{"line":16,"column":18}},"10":{"start":{"line":18,"column":12},"end":{"line":18,"column":50}},"11":{"start":{"line":19,"column":12},"end":{"line":19,"column":53}},"12":{"start":{"line":20,"column":12},"end":{"line":20,"column":19}},"13":{"start":{"line":21,"column":12},"end":{"line":21,"column":18}},"14":{"start":{"line":23,"column":12},"end":{"line":23,"column":41}},"15":{"start":{"line":24,"column":12},"end":{"line":24,"column":28}},"16":{"start":{"line":25,"column":12},"end":{"line":25,"column":22}},"17":{"start":{"line":26,"column":12},"end":{"line":26,"column":18}},"18":{"start":{"line":30,"column":0},"end":{"line":30,"column":29}}},"fnMap":{"0":{"name":"(anonymous_0)","decl":{"start":{"line":8,"column":20},"end":{"line":8,"column":21}},"loc":{"start":{"line":8,"column":38},"end":{"line":28,"column":1}},"line":8}},"branchMap":{"0":{"loc":{"start":{"line":11,"column":4},"end":{"line":27,"column":5}},"type":"switch","locations":[{"start":{"line":12,"column":8},"end":{"line":16,"column":18}},{"start":{"line":17,"column":8},"end":{"line":21,"column":18}},{"start":{"line":22,"column":8},"end":{"line":26,"column":18}}],"line":11}},"s":{"0":1,"1":1,"2":1,"3":1,"4":0,"5":0,"6":0,"7":0,"8":0,"9":0,"10":0,"11":0,"12":0,"13":0,"14":0,"15":0,"16":0,"17":0,"18":1},"f":{"0":0},"b":{"0":[0,0,0]},"_coverageSchema":"1a1c01bbd47fc00a2c39e90264f33305004495a9","hash":"7eccf5ce62d250800c01dbfb12b7ad2ead0faa69"}
,"/mnt/c/users/shmaj/CodeFellows/401/401n16/Lab09-APIServer/lib/models/categories-schema.js": {"path":"/mnt/c/users/shmaj/CodeFellows/401/401n16/Lab09-APIServer/lib/models/categories-schema.js","statementMap":{"0":{"start":{"line":3,"column":17},"end":{"line":3,"column":36}},"1":{"start":{"line":5,"column":15},"end":{"line":9,"column":4}},"2":{"start":{"line":11,"column":2},"end":{"line":11,"column":56}}},"fnMap":{},"branchMap":{},"s":{"0":1,"1":1,"2":1},"f":{},"b":{},"_coverageSchema":"1a1c01bbd47fc00a2c39e90264f33305004495a9","hash":"30dd5b62799fc2886dc622c3309e3d2d9d7e97ef"}
,"/mnt/c/users/shmaj/CodeFellows/401/401n16/Lab09-APIServer/lib/models/category.js": {"path":"/mnt/c/users/shmaj/CodeFellows/401/401n16/Lab09-APIServer/lib/models/category.js","statementMap":{"0":{"start":{"line":3,"column":15},"end":{"line":3,"column":48}},"1":{"start":{"line":4,"column":19},"end":{"line":4,"column":40}},"2":{"start":{"line":8,"column":0},"end":{"line":8,"column":38}}},"fnMap":{},"branchMap":{},"s":{"0":1,"1":1,"2":1},"f":{},"b":{},"_coverageSchema":"1a1c01bbd47fc00a2c39e90264f33305004495a9","hash":"ffe35d323ff43ac366b9b7a87b2b9054bf2eaec3"}
,"/mnt/c/users/shmaj/CodeFellows/401/401n16/Lab09-APIServer/lib/models/model.js": {"path":"/mnt/c/users/shmaj/CodeFellows/401/401n16/Lab09-APIServer/lib/models/model.js","statementMap":{"0":{"start":{"line":5,"column":4},"end":{"line":5,"column":25}},"1":{"start":{"line":9,"column":8},"end":{"line":15,"column":9}},"2":{"start":{"line":11,"column":28},"end":{"line":11,"column":57}},"3":{"start":{"line":12,"column":12},"end":{"line":12,"column":36}},"4":{"start":{"line":14,"column":12},"end":{"line":14,"column":44}},"5":{"start":{"line":18,"column":8},"end":{"line":23,"column":9}},"6":{"start":{"line":19,"column":25},"end":{"line":19,"column":57}},"7":{"start":{"line":20,"column":8},"end":{"line":20,"column":22}},"8":{"start":{"line":22,"column":12},"end":{"line":22,"column":51}},"9":{"start":{"line":27,"column":8},"end":{"line":32,"column":9}},"10":{"start":{"line":28,"column":26},"end":{"line":28,"column":55}},"11":{"start":{"line":29,"column":8},"end":{"line":29,"column":23}},"12":{"start":{"line":31,"column":12},"end":{"line":31,"column":51}},"13":{"start":{"line":35,"column":8},"end":{"line":41,"column":9}},"14":{"start":{"line":37,"column":25},"end":{"line":37,"column":88}},"15":{"start":{"line":38,"column":12},"end":{"line":38,"column":26}},"16":{"start":{"line":40,"column":12},"end":{"line":40,"column":52}},"17":{"start":{"line":44,"column":8},"end":{"line":50,"column":9}},"18":{"start":{"line":46,"column":25},"end":{"line":46,"column":65}},"19":{"start":{"line":47,"column":12},"end":{"line":47,"column":26}},"20":{"start":{"line":49,"column":12},"end":{"line":49,"column":51}},"21":{"start":{"line":54,"column":0},"end":{"line":54,"column":23}}},"fnMap":{"0":{"name":"(anonymous_0)","decl":{"start":{"line":4,"column":4},"end":{"line":4,"column":5}},"loc":{"start":{"line":4,"column":23},"end":{"line":6,"column":5}},"line":4},"1":{"name":"(anonymous_1)","decl":{"start":{"line":8,"column":4},"end":{"line":8,"column":5}},"loc":{"start":{"line":8,"column":26},"end":{"line":16,"column":5}},"line":8},"2":{"name":"(anonymous_2)","decl":{"start":{"line":17,"column":4},"end":{"line":17,"column":5}},"loc":{"start":{"line":17,"column":21},"end":{"line":24,"column":5}},"line":17},"3":{"name":"(anonymous_3)","decl":{"start":{"line":26,"column":4},"end":{"line":26,"column":5}},"loc":{"start":{"line":26,"column":30},"end":{"line":33,"column":5}},"line":26},"4":{"name":"(anonymous_4)","decl":{"start":{"line":34,"column":4},"end":{"line":34,"column":5}},"loc":{"start":{"line":34,"column":31},"end":{"line":42,"column":5}},"line":34},"5":{"name":"(anonymous_5)","decl":{"start":{"line":43,"column":4},"end":{"line":43,"column":5}},"loc":{"start":{"line":43,"column":23},"end":{"line":51,"column":5}},"line":43}},"branchMap":{},"s":{"0":1,"1":0,"2":0,"3":0,"4":0,"5":0,"6":0,"7":0,"8":0,"9":0,"10":0,"11":0,"12":0,"13":0,"14":0,"15":0,"16":0,"17":0,"18":0,"19":0,"20":0,"21":1},"f":{"0":1,"1":0,"2":0,"3":0,"4":0,"5":0},"b":{},"_coverageSchema":"1a1c01bbd47fc00a2c39e90264f33305004495a9","hash":"bd5773d6fdb73a3373ea8d385c7281b2a46398af"}
,"/mnt/c/users/shmaj/CodeFellows/401/401n16/Lab09-APIServer/lib/routes/model-routes.js": {"path":"/mnt/c/users/shmaj/CodeFellows/401/401n16/Lab09-APIServer/lib/routes/model-routes.js","statementMap":{"0":{"start":{"line":4,"column":16},"end":{"line":4,"column":34}},"1":{"start":{"line":5,"column":15},"end":{"line":5,"column":31}},"2":{"start":{"line":8,"column":20},"end":{"line":8,"column":60}},"3":{"start":{"line":12,"column":0},"end":{"line":12,"column":35}},"4":{"start":{"line":24,"column":0},"end":{"line":32,"column":3}},"5":{"start":{"line":25,"column":18},"end":{"line":25,"column":52}},"6":{"start":{"line":26,"column":17},"end":{"line":29,"column":5}},"7":{"start":{"line":31,"column":4},"end":{"line":31,"column":33}},"8":{"start":{"line":43,"column":0},"end":{"line":47,"column":3}},"9":{"start":{"line":44,"column":17},"end":{"line":44,"column":55}},"10":{"start":{"line":46,"column":4},"end":{"line":46,"column":33}},"11":{"start":{"line":56,"column":0},"end":{"line":59,"column":3}},"12":{"start":{"line":57,"column":17},"end":{"line":57,"column":52}},"13":{"start":{"line":58,"column":4},"end":{"line":58,"column":33}},"14":{"start":{"line":70,"column":0},"end":{"line":73,"column":3}},"15":{"start":{"line":71,"column":16},"end":{"line":71,"column":65}},"16":{"start":{"line":72,"column":3},"end":{"line":72,"column":32}},"17":{"start":{"line":84,"column":0},"end":{"line":87,"column":3}},"18":{"start":{"line":85,"column":16},"end":{"line":85,"column":51}},"19":{"start":{"line":86,"column":3},"end":{"line":86,"column":32}},"20":{"start":{"line":89,"column":0},"end":{"line":89,"column":24}}},"fnMap":{"0":{"name":"(anonymous_0)","decl":{"start":{"line":24,"column":22},"end":{"line":24,"column":23}},"loc":{"start":{"line":24,"column":48},"end":{"line":32,"column":1}},"line":24},"1":{"name":"(anonymous_1)","decl":{"start":{"line":43,"column":26},"end":{"line":43,"column":27}},"loc":{"start":{"line":43,"column":52},"end":{"line":47,"column":1}},"line":43},"2":{"name":"(anonymous_2)","decl":{"start":{"line":56,"column":23},"end":{"line":56,"column":24}},"loc":{"start":{"line":56,"column":49},"end":{"line":59,"column":1}},"line":56},"3":{"name":"(anonymous_3)","decl":{"start":{"line":70,"column":26},"end":{"line":70,"column":27}},"loc":{"start":{"line":70,"column":52},"end":{"line":73,"column":1}},"line":70},"4":{"name":"(anonymous_4)","decl":{"start":{"line":84,"column":29},"end":{"line":84,"column":30}},"loc":{"start":{"line":84,"column":55},"end":{"line":87,"column":1}},"line":84}},"branchMap":{},"s":{"0":1,"1":1,"2":1,"3":1,"4":1,"5":0,"6":0,"7":0,"8":1,"9":0,"10":0,"11":1,"12":0,"13":0,"14":1,"15":0,"16":0,"17":1,"18":0,"19":0,"20":1},"f":{"0":0,"1":0,"2":0,"3":0,"4":0},"b":{},"_coverageSchema":"1a1c01bbd47fc00a2c39e90264f33305004495a9","hash":"d6c9033425adc920d70ea6b613a0d2ccfc1fc72d"}
}
