TN:
SF:docs/swagger.js
FN:1,(anonymous_0)
FNF:1
FNH:1
FNDA:1,(anonymous_0)
DA:1,1
DA:2,1
DA:4,1
DA:30,1
DA:31,1
DA:34,1
LF:6
LH:6
BRF:0
BRH:0
end_of_record
TN:
SF:lib/server.js
FN:30,(anonymous_0)
FN:43,(anonymous_1)
FN:44,(anonymous_2)
FNF:3
FNH:0
FNDA:0,(anonymous_0)
FNDA:0,(anonymous_1)
FNDA:0,(anonymous_2)
DA:2,1
DA:3,1
DA:4,1
DA:5,1
DA:6,1
DA:7,1
DA:8,1
DA:9,1
DA:12,1
DA:15,1
DA:17,1
DA:18,1
DA:19,1
DA:20,1
DA:30,1
DA:31,0
DA:34,1
DA:37,1
DA:38,1
DA:40,1
DA:44,0
LF:21
LH:19
BRF:0
BRH:0
end_of_record
TN:
SF:lib/middleware/404.js
FN:3,(anonymous_0)
FNF:1
FNH:0
FNDA:0,(anonymous_0)
DA:3,1
DA:4,0
LF:2
LH:1
BRF:0
BRH:0
end_of_record
TN:
SF:lib/middleware/500.js
FN:5,(anonymous_0)
FNF:1
FNH:0
FNDA:0,(anonymous_0)
DA:5,1
DA:6,0
DA:10,0
LF:3
LH:1
BRF:0
BRH:0
end_of_record
TN:
SF:lib/middleware/logger.js
FN:3,(anonymous_0)
FNF:1
FNH:0
FNDA:0,(anonymous_0)
DA:3,1
DA:4,0
DA:5,0
DA:6,0
LF:4
LH:1
BRF:0
BRH:0
end_of_record
TN:
SF:lib/middleware/model-finder.js
FN:8,(anonymous_0)
FNF:1
FNH:0
FNDA:0,(anonymous_0)
DA:3,1
DA:4,1
DA:5,1
DA:8,1
DA:9,0
DA:11,0
DA:13,0
DA:14,0
DA:15,0
DA:16,0
DA:18,0
DA:19,0
DA:20,0
DA:21,0
DA:23,0
DA:24,0
DA:25,0
DA:26,0
DA:30,1
LF:19
LH:5
BRDA:11,0,0,0
BRDA:11,0,1,0
BRDA:11,0,2,0
BRF:3
BRH:0
end_of_record
TN:
SF:lib/models/categories-schema.js
FNF:0
FNH:0
DA:3,1
DA:5,1
DA:11,1
LF:3
LH:3
BRF:0
BRH:0
end_of_record
TN:
SF:lib/models/category.js
FNF:0
FNH:0
DA:3,1
DA:4,1
DA:8,1
LF:3
LH:3
BRF:0
BRH:0
end_of_record
TN:
SF:lib/models/model.js
FN:4,(anonymous_0)
FN:8,(anonymous_1)
FN:17,(anonymous_2)
FN:26,(anonymous_3)
FN:34,(anonymous_4)
FN:43,(anonymous_5)
FNF:6
FNH:1
FNDA:1,(anonymous_0)
FNDA:0,(anonymous_1)
FNDA:0,(anonymous_2)
FNDA:0,(anonymous_3)
FNDA:0,(anonymous_4)
FNDA:0,(anonymous_5)
DA:5,1
DA:9,0
DA:11,0
DA:12,0
DA:14,0
DA:18,0
DA:19,0
DA:20,0
DA:22,0
DA:27,0
DA:28,0
DA:29,0
DA:31,0
DA:35,0
DA:37,0
DA:38,0
DA:40,0
DA:44,0
DA:46,0
DA:47,0
DA:49,0
DA:54,1
LF:22
LH:2
BRF:0
BRH:0
end_of_record
TN:
SF:lib/routes/model-routes.js
FN:24,(anonymous_0)
FN:43,(anonymous_1)
FN:56,(anonymous_2)
FN:70,(anonymous_3)
FN:84,(anonymous_4)
FNF:5
FNH:0
FNDA:0,(anonymous_0)
FNDA:0,(anonymous_1)
FNDA:0,(anonymous_2)
FNDA:0,(anonymous_3)
FNDA:0,(anonymous_4)
DA:4,1
DA:5,1
DA:8,1
DA:12,1
DA:24,1
DA:25,0
DA:26,0
DA:31,0
DA:43,1
DA:44,0
DA:46,0
DA:56,1
DA:57,0
DA:58,0
DA:70,1
DA:71,0
DA:72,0
DA:84,1
DA:85,0
DA:86,0
DA:89,1
LF:21
LH:10
BRF:0
BRH:0
end_of_record
